Arguments: 
  C:\Program Files\nodejs\node.exe C:\Users\Aluno\AppData\Roaming\npm\node_modules\yarn\bin\yarn.js

PATH: 
  C:\Program Files (x86)\Common Files\Oracle\Java\javapath;C:\Windows\system32;C:\Windows;C:\Windows\System32\Wbem;C:\Windows\System32\WindowsPowerShell\v1.0\;C:\ProgramData\chocolatey\bin;C:\Program Files\nodejs\;C:\Program Files\Git\cmd;C:\Users\Aluno\AppData\Local\Programs\Python\Python35-32\Scripts\;C:\Users\Aluno\AppData\Local\Programs\Python\Python35-32\;C:\Users\Aluno\AppData\Local\Programs\Microsoft VS Code\bin;C:\Users\Aluno\AppData\Roaming\npm

Yarn version: 
  1.16.0

Node version: 
  10.16.0

Platform: 
  win32 x64

Trace: 
  Error: getaddrinfo ENOTFOUND registry.yarnpkg.com registry.yarnpkg.com:443
      at GetAddrInfoReqWrap.onlookup [as oncomplete] (dns.js:56:26)

npm manifest: 
  {
    "name": "Deputados_Electron",
    "version": "1.0.0",
    "description": "",
    "main": "main.js",
    "scripts": {
      "test": "echo \"Error: no test specified\" && exit 1",
      "start": "electron ."
    },
    "keywords": [],
    "author": "",
    "license": "ISC",
    "devDependencies": {
      "electron": "^6.0.2"
    },
    "dependencies": {
      "axios": "^0.19.0",
      "electron-packager": "^14.0.4"
    }
  }

yarn manifest: 
  No manifest

Lockfile: 
  No lockfile
